#
# A fatal error has been detected by the Java Runtime Environment:
#
#  SIGSEGV (0xb) at pc=0x00007f95fd954a58, pid=22611, tid=140281744676608
#
# JRE version: OpenJDK Runtime Environment (7.0_65-b32) (build 1.7.0_65-b32)
# Java VM: OpenJDK 64-Bit Server VM (24.65-b04 mixed mode linux-amd64 compressed oops)
# Derivative: IcedTea 2.5.3
# Distribution: Ubuntu 14.04 LTS, package 7u71-2.5.3-0ubuntu0.14.04.1
# Problematic frame:
# V  [libjvm.so+0x64ba58]  JNIHandles::checked_resolve_jmethod_id(_jmethodID*)+0x18
#
# Failed to write core dump. Core dumps have been disabled. To enable core dumping, try "ulimit -c unlimited" before starting Java again
#
# If you would like to submit a bug report, please include
# instructions on how to reproduce the bug and visit:
#   http://icedtea.classpath.org/bugzilla
#

---------------  T H R E A D  ---------------

Current thread (0x00007f95f80bf800):  JavaThread "JDWP Transport Listener: dt_socket" daemon [_thread_in_vm, id=22631, stack(0x00007f95e37f5000,0x00007f95e38f6000)]

siginfo:si_signo=SIGSEGV: si_errno=0, si_code=128 (), si_addr=0x0000000000000000

Registers:
RAX=0xfefefefefefefefe, RBX=0x00007f95f8003b40, RCX=0x00007f95fe53b320, RDX=0x0000000000000001
RSP=0x00007f95e38f49b0, RBP=0x00007f95e38f49c0, RSI=0x00007f95f80bf800, RDI=0x3b726f746164696c
R8 =0x0000000000000000, R9 =0x00007f95a4009750, R10=0x00007f95e38f49b0, R11=0x00007f95fe8bd2a0
R12=0x00007f95e38f4a97, R13=0x3b726f746164696c, R14=0x00007f95f80bf800, R15=0x00007f95e38f49e0
RIP=0x00007f95fd954a58, EFLAGS=0x0000000000010202, CSGSFS=0x0000000000000033, ERR=0x0000000000000000
  TRAPNO=0x000000000000000d

Top of Stack: (sp=0x00007f95e38f49b0)
0x00007f95e38f49b0:   00007f95e38f4a97 00007f95f8003b40
0x00007f95e38f49c0:   00007f95e38f4a30 00007f95fd949ea3
0x00007f95e38f49d0:   00007f95fe0ee7ec 00007f95fd994806
0x00007f95e38f49e0:   00007f95f80bf800 0000000000000000
0x00007f95e38f49f0:   00007f9500000000 0000000000000000
0x00007f95e38f4a00:   00007f95e38f4b80 00007f95e38f4a97
0x00007f95e38f4a10:   00007f95fc4a1f00 3b726f746164696c
0x00007f95e38f4a20:   00007f95e38f4a97 00007f95e38f4a9c
0x00007f95e38f4a30:   00007f95e38f4a60 00007f95fc28dab9
0x00007f95e38f4a40:   00007f95e38f4a60 0000000000000008
0x00007f95e38f4a50:   00007f95e38f4b80 3b726f746164696c
0x00007f95e38f4a60:   00007f95e38f4af0 00007f95fc26e5f8
0x00007f95e38f4a70:   00007f95e38f4ab0 00007f95e38f4ab0
0x00007f95e38f4a80:   00007f95e38f4ab8 00000001fc2734c9
0x00007f95e38f4a90:   00007f95e38f4b50 0000000100000009
0x00007f95e38f4aa0:   00007f95a4004a00 0000000000000000
0x00007f95e38f4ab0:   0000000000000000 0000000000000000
0x00007f95e38f4ac0:   00007f95e38f4b50 00000000000f0200
0x00007f95e38f4ad0:   00007f95e38f4b50 0000000000000002
0x00007f95e38f4ae0:   00007f95e38f4b80 00007f95fc4a1f00
0x00007f95e38f4af0:   00007f95e38f4d40 00007f95fc278688
0x00007f95e38f4b00:   0000135100000013 00007f95a40f0200
0x00007f95e38f4b10:   00007f959c000fb0 00007f95fd8fc84c
0x00007f95e38f4b20:   00007f95f80c1cb0 00007f959c00080f
0x00007f95e38f4b30:   0000135100000013 00007f95a40f0200
0x00007f95e38f4b40:   00007f959c000fb0 00007f95f80b6e78
0x00007f95e38f4b50:   00007f959c000fb8 000000000000000b
0x00007f95e38f4b60:   0000135100000013 00007f95a40f0200
0x00007f95e38f4b70:   00007f959c000fb0 00007f95a4009490
0x00007f95e38f4b80:   00007f95a40095c3 0000000000000185
0x00007f95e38f4b90:   00007f95a4009fb0 00007f950000012c
0x00007f95e38f4ba0:   00007f95e38f4bd0 00007f95a4009fb0 

Instructions: (pc=0x00007f95fd954a58)
0x00007f95fd954a38:   0f 1f 84 00 00 00 00 00 48 85 ff 74 7b 55 48 b8
0x00007f95fd954a48:   fe fe fe fe fe fe fe fe 48 89 e5 53 48 83 ec 08
0x00007f95fd954a58:   48 8b 1f 48 39 c3 74 38 48 85 db 74 33 48 8d 05
0x00007f95fd954a68:   d7 fa 78 00 80 38 00 75 37 48 8b 53 08 48 8b 42 

Register to memory mapping:

RAX=0xfefefefefefefefe is an unknown value
RBX=0x00007f95f8003b40 is an unknown value
RCX=0x00007f95fe53b320: <offset 0x219320> in /lib/x86_64-linux-gnu/libpthread.so.0 at 0x00007f95fe322000
RDX=0x0000000000000001 is an unknown value
RSP=0x00007f95e38f49b0 is pointing into the stack for thread: 0x00007f95f80bf800
RBP=0x00007f95e38f49c0 is pointing into the stack for thread: 0x00007f95f80bf800
RSI=0x00007f95f80bf800 is a thread
RDI=0x3b726f746164696c is an unknown value
R8 =0x0000000000000000 is an unknown value
R9 =0x00007f95a4009750 is an unknown value
R10=0x00007f95e38f49b0 is pointing into the stack for thread: 0x00007f95f80bf800
R11=0x00007f95fe8bd2a0: <offset 0x1792a0> in /lib/x86_64-linux-gnu/libc.so.6 at 0x00007f95fe744000
R12=0x00007f95e38f4a97 is pointing into the stack for thread: 0x00007f95f80bf800
R13=0x3b726f746164696c is an unknown value
R14=0x00007f95f80bf800 is a thread
R15=0x00007f95e38f49e0 is pointing into the stack for thread: 0x00007f95f80bf800


Stack: [0x00007f95e37f5000,0x00007f95e38f6000],  sp=0x00007f95e38f49b0,  free space=1022k
Native frames: (J=compiled Java code, j=interpreted, Vv=VM code, C=native code)
V  [libjvm.so+0x64ba58]  JNIHandles::checked_resolve_jmethod_id(_jmethodID*)+0x18
V  [libjvm.so+0x640ea3]  jvmti_IsMethodSynthetic+0x1f3
C  [libjdwp.so+0x26ab9]
C  [libjdwp.so+0x75f8]
C  [libjdwp.so+0x11688]
C  [libjdwp.so+0x23795]
V  [libjvm.so+0x6aa58b]  JvmtiAgentThread::start_function_wrapper(JavaThread*, Thread*)+0x9b
V  [libjvm.so+0x8ffba0]  JavaThread::thread_main_inner()+0xf0
V  [libjvm.so+0x8ffe11]  JavaThread::run()+0x221
V  [libjvm.so+0x7c4ac2]  java_start(Thread*)+0xf2


---------------  P R O C E S S  ---------------

Java Threads: ( => current thread )
  0x00007f95f80cb000 JavaThread "Service Thread" daemon [_thread_blocked, id=22641, stack(0x00007f95e32f0000,0x00007f95e33f1000)]
  0x00007f95f80c8800 JavaThread "C2 CompilerThread1" daemon [_thread_blocked, id=22640, stack(0x00007f95e33f1000,0x00007f95e34f2000)]
  0x00007f95f80c5800 JavaThread "C2 CompilerThread0" daemon [_thread_blocked, id=22639, stack(0x00007f95e34f2000,0x00007f95e35f3000)]
  0x00007f95a4001000 JavaThread "JDWP Command Reader" daemon [_thread_in_native, id=22635, stack(0x00007f95e35f3000,0x00007f95e36f4000)]
  0x00007f95f80c3000 JavaThread "JDWP Event Helper Thread" daemon [_thread_blocked, id=22634, stack(0x00007f95e36f4000,0x00007f95e37f5000)]
=>0x00007f95f80bf800 JavaThread "JDWP Transport Listener: dt_socket" daemon [_thread_in_vm, id=22631, stack(0x00007f95e37f5000,0x00007f95e38f6000)]
  0x00007f95f80b2800 JavaThread "Signal Dispatcher" daemon [_thread_blocked, id=22629, stack(0x00007f95e3afb000,0x00007f95e3bfc000)]
  0x00007f95f8087000 JavaThread "Finalizer" daemon [_thread_blocked, id=22628, stack(0x00007f95e3bfc000,0x00007f95e3cfd000)]
  0x00007f95f8085000 JavaThread "Reference Handler" daemon [_thread_blocked, id=22627, stack(0x00007f95e3cfd000,0x00007f95e3dfe000)]
  0x00007f95f800c800 JavaThread "main" [_thread_blocked, id=22617, stack(0x00007f95fee0e000,0x00007f95fef0f000)]

Other Threads:
  0x00007f95f8080800 VMThread [stack: 0x00007f95e3dfe000,0x00007f95e3eff000] [id=22626]
  0x00007f95f80d5800 WatcherThread [stack: 0x00007f95e31ef000,0x00007f95e32f0000] [id=22642]

VM state:not at safepoint (normal execution)

VM Mutex/Monitor currently owned by a thread: None

Heap
 PSYoungGen      total 75264K, used 3901K [0x00000007aca00000, 0x00000007b1d80000, 0x0000000800000000)
  eden space 65024K, 6% used [0x00000007aca00000,0x00000007acdcf6c8,0x00000007b0980000)
  from space 10240K, 0% used [0x00000007b1380000,0x00000007b1380000,0x00000007b1d80000)
  to   space 10240K, 0% used [0x00000007b0980000,0x00000007b0980000,0x00000007b1380000)
 ParOldGen       total 170496K, used 0K [0x0000000705e00000, 0x0000000710480000, 0x00000007aca00000)
  object space 170496K, 0% used [0x0000000705e00000,0x0000000705e00000,0x0000000710480000)
 PSPermGen       total 21504K, used 4130K [0x00000006fb800000, 0x00000006fcd00000, 0x0000000705e00000)
  object space 21504K, 19% used [0x00000006fb800000,0x00000006fbc08a50,0x00000006fcd00000)

Card table byte_map: [0x00007f95f34b4000,0x00007f95f3cd9000] byte_map_base: 0x00007f95efcd8000

Polling page: 0x00007f95fef37000

Code Cache  [0x00007f95f3cd9000, 0x00007f95f3f49000, 0x00007f95f6cd9000)
 total_blobs=192 nmethods=6 adapters=148 free_code_cache=48756Kb largest_free_block=49909824

Compilation events (10 events):
Event: 3.699 Thread 0x00007f95f80c8800    2             java.lang.String::hashCode (55 bytes)
Event: 3.701 Thread 0x00007f95f80c5800    3             sun.nio.cs.UTF_8$Encoder::encode (361 bytes)
Event: 3.701 Thread 0x00007f95f80c8800 nmethod 2 0x00007f95f3d38ad0 code [0x00007f95f3d38c20, 0x00007f95f3d38db8]
Event: 3.705 Thread 0x00007f95f80c5800 nmethod 3 0x00007f95f3d37e10 code [0x00007f95f3d37fa0, 0x00007f95f3d38688]
Event: 3.714 Thread 0x00007f95f80c8800    4             java.lang.String::indexOf (166 bytes)
Event: 3.718 Thread 0x00007f95f80c8800 nmethod 4 0x00007f95f3d3bcd0 code [0x00007f95f3d3be20, 0x00007f95f3d3c318]
Event: 41.031 Thread 0x00007f95f80c5800    5             java.util.Arrays::fill (28 bytes)
Event: 41.032 Thread 0x00007f95f80c5800 nmethod 5 0x00007f95f3d3e1d0 code [0x00007f95f3d3e320, 0x00007f95f3d3e478]
Event: 311.221 Thread 0x00007f95f80c8800    6             java.lang.String::startsWith (72 bytes)
Event: 311.223 Thread 0x00007f95f80c8800 nmethod 6 0x00007f95f3d3c710 code [0x00007f95f3d3c860, 0x00007f95f3d3cb38]

GC Heap History (0 events):
No events

Deoptimization events (0 events):
No events

Internal exceptions (10 events):
Event: 2.842 Thread 0x00007f95f800c800 Threw 0x00000007aca58238 at /build/buildd/openjdk-7-7u71-2.5.3/build/openjdk/hotspot/src/share/vm/prims/jvm.cpp:1284
Event: 2.848 Thread 0x00007f95f800c800 Threw 0x00000007aca5e2b8 at /build/buildd/openjdk-7-7u71-2.5.3/build/openjdk/hotspot/src/share/vm/prims/jvm.cpp:1284
Event: 2.849 Thread 0x00007f95f800c800 Threw 0x00000007aca61bd0 at /build/buildd/openjdk-7-7u71-2.5.3/build/openjdk/hotspot/src/share/vm/prims/jvm.cpp:1284
Event: 3.663 Thread 0x00007f95f800c800 Threw 0x00000007aca6ae60 at /build/buildd/openjdk-7-7u71-2.5.3/build/openjdk/hotspot/src/share/vm/prims/jvm.cpp:1284
Event: 3.699 Thread 0x00007f95f800c800 Threw 0x00000007aca84cd0 at /build/buildd/openjdk-7-7u71-2.5.3/build/openjdk/hotspot/src/share/vm/prims/jvm.cpp:1284
Event: 3.699 Thread 0x00007f95f800c800 Threw 0x00000007aca84df8 at /build/buildd/openjdk-7-7u71-2.5.3/build/openjdk/hotspot/src/share/vm/prims/jvm.cpp:1284
Event: 3.702 Thread 0x00007f95f800c800 Threw 0x00000007aca873a8 at /build/buildd/openjdk-7-7u71-2.5.3/build/openjdk/hotspot/src/share/vm/prims/jvm.cpp:1284
Event: 3.702 Thread 0x00007f95f800c800 Threw 0x00000007aca874d0 at /build/buildd/openjdk-7-7u71-2.5.3/build/openjdk/hotspot/src/share/vm/prims/jvm.cpp:1284
Event: 3.703 Thread 0x00007f95f800c800 Threw 0x00000007aca87dd0 at /build/buildd/openjdk-7-7u71-2.5.3/build/openjdk/hotspot/src/share/vm/prims/jvm.cpp:1284
Event: 3.703 Thread 0x00007f95f800c800 Threw 0x00000007aca87ef8 at /build/buildd/openjdk-7-7u71-2.5.3/build/openjdk/hotspot/src/share/vm/prims/jvm.cpp:1284

Events (10 events):
Event: 311.212 Executing VM operation: GetCurrentLocation
Event: 311.212 Executing VM operation: GetCurrentLocation done
Event: 311.212 Executing VM operation: EnterInterpOnlyMode
Event: 311.212 Executing VM operation: EnterInterpOnlyMode done
Event: 311.212 Executing VM operation: ChangeSingleStep
Event: 311.212 Executing VM operation: ChangeSingleStep done
Event: 311.245 Executing VM operation: ChangeSingleStep
Event: 311.245 Executing VM operation: ChangeSingleStep done
Event: 336.783 Executing VM operation: RedefineClasses
Event: 336.783 Executing VM operation: RedefineClasses done


Dynamic libraries:
00400000-00401000 r-xp 00000000 08:01 9044108                            /usr/lib/jvm/java-7-openjdk-amd64/jre/bin/java
00600000-00601000 r--p 00000000 08:01 9044108                            /usr/lib/jvm/java-7-openjdk-amd64/jre/bin/java
00601000-00602000 rw-p 00001000 08:01 9044108                            /usr/lib/jvm/java-7-openjdk-amd64/jre/bin/java
00dca000-00deb000 rw-p 00000000 00:00 0                                  [heap]
6fb800000-6fcd00000 rw-p 00000000 00:00 0 
6fcd00000-705e00000 rw-p 00000000 00:00 0 
705e00000-710480000 rw-p 00000000 00:00 0 
710480000-7aca00000 rw-p 00000000 00:00 0 
7aca00000-7b1d80000 rw-p 00000000 00:00 0 
7b1d80000-800000000 rw-p 00000000 00:00 0 
7f958c000000-7f958c021000 rw-p 00000000 00:00 0 
7f958c021000-7f9590000000 ---p 00000000 00:00 0 
7f9594000000-7f959406a000 rw-p 00000000 00:00 0 
7f959406a000-7f9598000000 ---p 00000000 00:00 0 
7f9598000000-7f9598021000 rw-p 00000000 00:00 0 
7f9598021000-7f959c000000 ---p 00000000 00:00 0 
7f959c000000-7f959c021000 rw-p 00000000 00:00 0 
7f959c021000-7f95a0000000 ---p 00000000 00:00 0 
7f95a0000000-7f95a00c8000 rw-p 00000000 00:00 0 
7f95a00c8000-7f95a4000000 ---p 00000000 00:00 0 
7f95a4000000-7f95a4021000 rw-p 00000000 00:00 0 
7f95a4021000-7f95a8000000 ---p 00000000 00:00 0 
7f95a8000000-7f95a8021000 rw-p 00000000 00:00 0 
7f95a8021000-7f95ac000000 ---p 00000000 00:00 0 
7f95ac000000-7f95ac021000 rw-p 00000000 00:00 0 
7f95ac021000-7f95b0000000 ---p 00000000 00:00 0 
7f95b0000000-7f95b0021000 rw-p 00000000 00:00 0 
7f95b0021000-7f95b4000000 ---p 00000000 00:00 0 
7f95b4000000-7f95b4021000 rw-p 00000000 00:00 0 
7f95b4021000-7f95b8000000 ---p 00000000 00:00 0 
7f95bbdc0000-7f95c4000000 rw-p 00000000 00:00 0 
7f95c4000000-7f95c4021000 rw-p 00000000 00:00 0 
7f95c4021000-7f95c8000000 ---p 00000000 00:00 0 
7f95c8000000-7f95c8021000 rw-p 00000000 00:00 0 
7f95c8021000-7f95cc000000 ---p 00000000 00:00 0 
7f95cc000000-7f95cc021000 rw-p 00000000 00:00 0 
7f95cc021000-7f95d0000000 ---p 00000000 00:00 0 
7f95d4000000-7f95d4021000 rw-p 00000000 00:00 0 
7f95d4021000-7f95d8000000 ---p 00000000 00:00 0 
7f95d8000000-7f95d8021000 rw-p 00000000 00:00 0 
7f95d8021000-7f95dc000000 ---p 00000000 00:00 0 
7f95dc000000-7f95dc021000 rw-p 00000000 00:00 0 
7f95dc021000-7f95e0000000 ---p 00000000 00:00 0 
7f95e2fb5000-7f95e31ef000 rw-p 00000000 00:00 0 
7f95e31ef000-7f95e31f0000 ---p 00000000 00:00 0 
7f95e31f0000-7f95e32f0000 rw-p 00000000 00:00 0                          [stack:22642]
7f95e32f0000-7f95e32f3000 ---p 00000000 00:00 0 
7f95e32f3000-7f95e33f1000 rw-p 00000000 00:00 0                          [stack:22641]
7f95e33f1000-7f95e33f4000 ---p 00000000 00:00 0 
7f95e33f4000-7f95e34f2000 rw-p 00000000 00:00 0                          [stack:22640]
7f95e34f2000-7f95e34f5000 ---p 00000000 00:00 0 
7f95e34f5000-7f95e35f3000 rw-p 00000000 00:00 0                          [stack:22639]
7f95e35f3000-7f95e35f6000 ---p 00000000 00:00 0 
7f95e35f6000-7f95e36f4000 rw-p 00000000 00:00 0                          [stack:22635]
7f95e36f4000-7f95e36f7000 ---p 00000000 00:00 0 
7f95e36f7000-7f95e37f5000 rw-p 00000000 00:00 0                          [stack:22634]
7f95e37f5000-7f95e37f8000 ---p 00000000 00:00 0 
7f95e37f8000-7f95e38f6000 rw-p 00000000 00:00 0                          [stack:22631]
7f95e38f6000-7f95e38fa000 r-xp 00000000 08:01 8782857                    /usr/lib/jvm/java-7-openjdk-amd64/jre/lib/amd64/libdt_socket.so
7f95e38fa000-7f95e3af9000 ---p 00004000 08:01 8782857                    /usr/lib/jvm/java-7-openjdk-amd64/jre/lib/amd64/libdt_socket.so
7f95e3af9000-7f95e3afa000 r--p 00003000 08:01 8782857                    /usr/lib/jvm/java-7-openjdk-amd64/jre/lib/amd64/libdt_socket.so
7f95e3afa000-7f95e3afb000 rw-p 00004000 08:01 8782857                    /usr/lib/jvm/java-7-openjdk-amd64/jre/lib/amd64/libdt_socket.so
7f95e3afb000-7f95e3afe000 ---p 00000000 00:00 0 
7f95e3afe000-7f95e3bfc000 rw-p 00000000 00:00 0                          [stack:22629]
7f95e3bfc000-7f95e3bff000 ---p 00000000 00:00 0 
7f95e3bff000-7f95e3cfd000 rw-p 00000000 00:00 0                          [stack:22628]
7f95e3cfd000-7f95e3d00000 ---p 00000000 00:00 0 
7f95e3d00000-7f95e3dfe000 rw-p 00000000 00:00 0                          [stack:22627]
7f95e3dfe000-7f95e3dff000 ---p 00000000 00:00 0 
7f95e3dff000-7f95e4000000 rw-p 00000000 00:00 0                          [stack:22626]
7f95e4000000-7f95e4021000 rw-p 00000000 00:00 0 
7f95e4021000-7f95e8000000 ---p 00000000 00:00 0 
7f95e8000000-7f95e8021000 rw-p 00000000 00:00 0 
7f95e8021000-7f95ec000000 ---p 00000000 00:00 0 
7f95ec000000-7f95ec021000 rw-p 00000000 00:00 0 
7f95ec021000-7f95f0000000 ---p 00000000 00:00 0 
7f95f00ca000-7f95f1c56000 rw-p 00000000 00:00 0 
7f95f1c56000-7f95f1e07000 r--s 01d25000 08:01 8787787                    /usr/lib/jvm/java-7-openjdk-amd64/jre/lib/rt.jar
7f95f1e07000-7f95f2776000 rw-p 00000000 00:00 0 
7f95f2776000-7f95f2777000 ---p 00000000 00:00 0 
7f95f2777000-7f95f2877000 rw-p 00000000 00:00 0                          [stack:22625]
7f95f2877000-7f95f2878000 ---p 00000000 00:00 0 
7f95f2878000-7f95f2978000 rw-p 00000000 00:00 0                          [stack:22624]
7f95f2978000-7f95f2979000 ---p 00000000 00:00 0 
7f95f2979000-7f95f2a79000 rw-p 00000000 00:00 0                          [stack:22623]
7f95f2a79000-7f95f2a7a000 ---p 00000000 00:00 0 
7f95f2a7a000-7f95f2b7a000 rw-p 00000000 00:00 0                          [stack:22622]
7f95f2b7a000-7f95f2b7b000 ---p 00000000 00:00 0 
7f95f2b7b000-7f95f2c7b000 rw-p 00000000 00:00 0                          [stack:22621]
7f95f2c7b000-7f95f2c7c000 ---p 00000000 00:00 0 
7f95f2c7c000-7f95f2d7c000 rw-p 00000000 00:00 0                          [stack:22620]
7f95f2d7c000-7f95f2d7d000 ---p 00000000 00:00 0 
7f95f2d7d000-7f95f2e7d000 rw-p 00000000 00:00 0                          [stack:22619]
7f95f2e7d000-7f95f2e7e000 ---p 00000000 00:00 0 
7f95f2e7e000-7f95f2fd2000 rw-p 00000000 00:00 0                          [stack:22618]
7f95f2fd2000-7f95f34b4000 rw-p 00000000 00:00 0 
7f95f34b4000-7f95f34bf000 rw-p 00000000 00:00 0 
7f95f34bf000-7f95f3507000 rw-p 00000000 00:00 0 
7f95f3507000-7f95f355b000 rw-p 00000000 00:00 0 
7f95f355b000-7f95f3a3d000 rw-p 00000000 00:00 0 
7f95f3a3d000-7f95f3a67000 rw-p 00000000 00:00 0 
7f95f3a67000-7f95f3cd8000 rw-p 00000000 00:00 0 
7f95f3cd8000-7f95f3cd9000 rw-p 00000000 00:00 0 
7f95f3cd9000-7f95f3f49000 rwxp 00000000 00:00 0 
7f95f3f49000-7f95f6cd9000 rw-p 00000000 00:00 0 
7f95f6cd9000-7f95f6ce1000 r-xp 00000000 08:01 8782030                    /usr/lib/jvm/java-7-openjdk-amd64/jre/lib/amd64/libzip.so
7f95f6ce1000-7f95f6ee0000 ---p 00008000 08:01 8782030                    /usr/lib/jvm/java-7-openjdk-amd64/jre/lib/amd64/libzip.so
7f95f6ee0000-7f95f6ee1000 r--p 00007000 08:01 8782030                    /usr/lib/jvm/java-7-openjdk-amd64/jre/lib/amd64/libzip.so
7f95f6ee1000-7f95f6ee2000 rw-p 00008000 08:01 8782030                    /usr/lib/jvm/java-7-openjdk-amd64/jre/lib/amd64/libzip.so
7f95f6ee2000-7f95f6eed000 r-xp 00000000 08:01 4985658                    /lib/x86_64-linux-gnu/libnss_files-2.19.so
7f95f6eed000-7f95f70ec000 ---p 0000b000 08:01 4985658                    /lib/x86_64-linux-gnu/libnss_files-2.19.so
7f95f70ec000-7f95f70ed000 r--p 0000a000 08:01 4985658                    /lib/x86_64-linux-gnu/libnss_files-2.19.so
7f95f70ed000-7f95f70ee000 rw-p 0000b000 08:01 4985658                    /lib/x86_64-linux-gnu/libnss_files-2.19.so
7f95f70ee000-7f95f70f9000 r-xp 00000000 08:01 4985695                    /lib/x86_64-linux-gnu/libnss_nis-2.19.so
7f95f70f9000-7f95f72f8000 ---p 0000b000 08:01 4985695                    /lib/x86_64-linux-gnu/libnss_nis-2.19.so
7f95f72f8000-7f95f72f9000 r--p 0000a000 08:01 4985695                    /lib/x86_64-linux-gnu/libnss_nis-2.19.so
7f95f72f9000-7f95f72fa000 rw-p 0000b000 08:01 4985695                    /lib/x86_64-linux-gnu/libnss_nis-2.19.so
7f95f72fa000-7f95f7311000 r-xp 00000000 08:01 4980832                    /lib/x86_64-linux-gnu/libnsl-2.19.so
7f95f7311000-7f95f7510000 ---p 00017000 08:01 4980832                    /lib/x86_64-linux-gnu/libnsl-2.19.so
7f95f7510000-7f95f7511000 r--p 00016000 08:01 4980832                    /lib/x86_64-linux-gnu/libnsl-2.19.so
7f95f7511000-7f95f7512000 rw-p 00017000 08:01 4980832                    /lib/x86_64-linux-gnu/libnsl-2.19.so
7f95f7512000-7f95f7514000 rw-p 00000000 00:00 0 
7f95f7514000-7f95f751d000 r-xp 00000000 08:01 4980829                    /lib/x86_64-linux-gnu/libnss_compat-2.19.so
7f95f751d000-7f95f771c000 ---p 00009000 08:01 4980829                    /lib/x86_64-linux-gnu/libnss_compat-2.19.so
7f95f771c000-7f95f771d000 r--p 00008000 08:01 4980829                    /lib/x86_64-linux-gnu/libnss_compat-2.19.so
7f95f771d000-7f95f771e000 rw-p 00009000 08:01 4980829                    /lib/x86_64-linux-gnu/libnss_compat-2.19.so
7f95f771e000-7f95f8000000 r--p 00000000 08:01 8787812                    /usr/lib/locale/locale-archive
7f95f8000000-7f95f816e000 rw-p 00000000 00:00 0 
7f95f816e000-7f95fc000000 ---p 00000000 00:00 0 
7f95fc010000-7f95fc01b000 rw-p 00000000 00:00 0 
7f95fc01b000-7f95fc063000 rw-p 00000000 00:00 0 
7f95fc063000-7f95fc066000 r-xp 00000000 08:01 8787220                    /usr/lib/jvm/java-7-openjdk-amd64/jre/lib/amd64/libnpt.so
7f95fc066000-7f95fc265000 ---p 00003000 08:01 8787220                    /usr/lib/jvm/java-7-openjdk-amd64/jre/lib/amd64/libnpt.so
7f95fc265000-7f95fc266000 r--p 00002000 08:01 8787220                    /usr/lib/jvm/java-7-openjdk-amd64/jre/lib/amd64/libnpt.so
7f95fc266000-7f95fc267000 rw-p 00003000 08:01 8787220                    /usr/lib/jvm/java-7-openjdk-amd64/jre/lib/amd64/libnpt.so
7f95fc267000-7f95fc2a1000 r-xp 00000000 08:01 8783251                    /usr/lib/jvm/java-7-openjdk-amd64/jre/lib/amd64/libjdwp.so
7f95fc2a1000-7f95fc4a0000 ---p 0003a000 08:01 8783251                    /usr/lib/jvm/java-7-openjdk-amd64/jre/lib/amd64/libjdwp.so
7f95fc4a0000-7f95fc4a1000 r--p 00039000 08:01 8783251                    /usr/lib/jvm/java-7-openjdk-amd64/jre/lib/amd64/libjdwp.so
7f95fc4a1000-7f95fc4a2000 rw-p 0003a000 08:01 8783251                    /usr/lib/jvm/java-7-openjdk-amd64/jre/lib/amd64/libjdwp.so
7f95fc4a2000-7f95fc4cd000 r-xp 00000000 08:01 8782436                    /usr/lib/jvm/java-7-openjdk-amd64/jre/lib/amd64/libjava.so
7f95fc4cd000-7f95fc6cc000 ---p 0002b000 08:01 8782436                    /usr/lib/jvm/java-7-openjdk-amd64/jre/lib/amd64/libjava.so
7f95fc6cc000-7f95fc6cd000 r--p 0002a000 08:01 8782436                    /usr/lib/jvm/java-7-openjdk-amd64/jre/lib/amd64/libjava.so
7f95fc6cd000-7f95fc6cf000 rw-p 0002b000 08:01 8782436                    /usr/lib/jvm/java-7-openjdk-amd64/jre/lib/amd64/libjava.so
7f95fc6cf000-7f95fc6df000 r-xp 00000000 08:01 8785841                    /usr/lib/jvm/java-7-openjdk-amd64/jre/lib/amd64/libverify.so
7f95fc6df000-7f95fc8de000 ---p 00010000 08:01 8785841                    /usr/lib/jvm/java-7-openjdk-amd64/jre/lib/amd64/libverify.so
7f95fc8de000-7f95fc8e0000 r--p 0000f000 08:01 8785841                    /usr/lib/jvm/java-7-openjdk-amd64/jre/lib/amd64/libverify.so
7f95fc8e0000-7f95fc8e1000 rw-p 00011000 08:01 8785841                    /usr/lib/jvm/java-7-openjdk-amd64/jre/lib/amd64/libverify.so
7f95fc8e1000-7f95fc8e8000 r-xp 00000000 08:01 4980834                    /lib/x86_64-linux-gnu/librt-2.19.so
7f95fc8e8000-7f95fcae7000 ---p 00007000 08:01 4980834                    /lib/x86_64-linux-gnu/librt-2.19.so
7f95fcae7000-7f95fcae8000 r--p 00006000 08:01 4980834                    /lib/x86_64-linux-gnu/librt-2.19.so
7f95fcae8000-7f95fcae9000 rw-p 00007000 08:01 4980834                    /lib/x86_64-linux-gnu/librt-2.19.so
7f95fcae9000-7f95fcaff000 r-xp 00000000 08:01 4985711                    /lib/x86_64-linux-gnu/libgcc_s.so.1
7f95fcaff000-7f95fccfe000 ---p 00016000 08:01 4985711                    /lib/x86_64-linux-gnu/libgcc_s.so.1
7f95fccfe000-7f95fccff000 rw-p 00015000 08:01 4985711                    /lib/x86_64-linux-gnu/libgcc_s.so.1
7f95fccff000-7f95fce04000 r-xp 00000000 08:01 4980841                    /lib/x86_64-linux-gnu/libm-2.19.so
7f95fce04000-7f95fd003000 ---p 00105000 08:01 4980841                    /lib/x86_64-linux-gnu/libm-2.19.so
7f95fd003000-7f95fd004000 r--p 00104000 08:01 4980841                    /lib/x86_64-linux-gnu/libm-2.19.so
7f95fd004000-7f95fd005000 rw-p 00105000 08:01 4980841                    /lib/x86_64-linux-gnu/libm-2.19.so
7f95fd005000-7f95fd0eb000 r-xp 00000000 08:01 8789265                    /usr/lib/x86_64-linux-gnu/libstdc++.so.6.0.19
7f95fd0eb000-7f95fd2ea000 ---p 000e6000 08:01 8789265                    /usr/lib/x86_64-linux-gnu/libstdc++.so.6.0.19
7f95fd2ea000-7f95fd2f2000 r--p 000e5000 08:01 8789265                    /usr/lib/x86_64-linux-gnu/libstdc++.so.6.0.19
7f95fd2f2000-7f95fd2f4000 rw-p 000ed000 08:01 8789265                    /usr/lib/x86_64-linux-gnu/libstdc++.so.6.0.19
7f95fd2f4000-7f95fd309000 rw-p 00000000 00:00 0 
7f95fd309000-7f95fde1f000 r-xp 00000000 08:01 8787223                    /usr/lib/jvm/java-7-openjdk-amd64/jre/lib/amd64/server/libjvm.so
7f95fde1f000-7f95fe01e000 ---p 00b16000 08:01 8787223                    /usr/lib/jvm/java-7-openjdk-amd64/jre/lib/amd64/server/libjvm.so
7f95fe01e000-7f95fe0b8000 r--p 00b15000 08:01 8787223                    /usr/lib/jvm/java-7-openjdk-amd64/jre/lib/amd64/server/libjvm.so
7f95fe0b8000-7f95fe0db000 rw-p 00baf000 08:01 8787223                    /usr/lib/jvm/java-7-openjdk-amd64/jre/lib/amd64/server/libjvm.so
7f95fe0db000-7f95fe109000 rw-p 00000000 00:00 0 
7f95fe109000-7f95fe121000 r-xp 00000000 08:01 4985892                    /lib/x86_64-linux-gnu/libz.so.1.2.8
7f95fe121000-7f95fe320000 ---p 00018000 08:01 4985892                    /lib/x86_64-linux-gnu/libz.so.1.2.8
7f95fe320000-7f95fe321000 r--p 00017000 08:01 4985892                    /lib/x86_64-linux-gnu/libz.so.1.2.8
7f95fe321000-7f95fe322000 rw-p 00018000 08:01 4985892                    /lib/x86_64-linux-gnu/libz.so.1.2.8
7f95fe322000-7f95fe33b000 r-xp 00000000 08:01 4987116                    /lib/x86_64-linux-gnu/libpthread-2.19.so
7f95fe33b000-7f95fe53a000 ---p 00019000 08:01 4987116                    /lib/x86_64-linux-gnu/libpthread-2.19.so
7f95fe53a000-7f95fe53b000 r--p 00018000 08:01 4987116                    /lib/x86_64-linux-gnu/libpthread-2.19.so
7f95fe53b000-7f95fe53c000 rw-p 00019000 08:01 4987116                    /lib/x86_64-linux-gnu/libpthread-2.19.so
7f95fe53c000-7f95fe540000 rw-p 00000000 00:00 0 
7f95fe540000-7f95fe543000 r-xp 00000000 08:01 4987115                    /lib/x86_64-linux-gnu/libdl-2.19.so
7f95fe543000-7f95fe742000 ---p 00003000 08:01 4987115                    /lib/x86_64-linux-gnu/libdl-2.19.so
7f95fe742000-7f95fe743000 r--p 00002000 08:01 4987115                    /lib/x86_64-linux-gnu/libdl-2.19.so
7f95fe743000-7f95fe744000 rw-p 00003000 08:01 4987115                    /lib/x86_64-linux-gnu/libdl-2.19.so
7f95fe744000-7f95fe8ff000 r-xp 00000000 08:01 4980838                    /lib/x86_64-linux-gnu/libc-2.19.so
7f95fe8ff000-7f95feaff000 ---p 001bb000 08:01 4980838                    /lib/x86_64-linux-gnu/libc-2.19.so
7f95feaff000-7f95feb03000 r--p 001bb000 08:01 4980838                    /lib/x86_64-linux-gnu/libc-2.19.so
7f95feb03000-7f95feb05000 rw-p 001bf000 08:01 4980838                    /lib/x86_64-linux-gnu/libc-2.19.so
7f95feb05000-7f95feb0a000 rw-p 00000000 00:00 0 
7f95feb0a000-7f95feb17000 r-xp 00000000 08:01 8782430                    /usr/lib/jvm/java-7-openjdk-amd64/jre/lib/amd64/jli/libjli.so
7f95feb17000-7f95fed16000 ---p 0000d000 08:01 8782430                    /usr/lib/jvm/java-7-openjdk-amd64/jre/lib/amd64/jli/libjli.so
7f95fed16000-7f95fed17000 r--p 0000c000 08:01 8782430                    /usr/lib/jvm/java-7-openjdk-amd64/jre/lib/amd64/jli/libjli.so
7f95fed17000-7f95fed18000 rw-p 0000d000 08:01 8782430                    /usr/lib/jvm/java-7-openjdk-amd64/jre/lib/amd64/jli/libjli.so
7f95fed18000-7f95fed3b000 r-xp 00000000 08:01 4980839                    /lib/x86_64-linux-gnu/ld-2.19.so
7f95fed45000-7f95fed4e000 r--s 000b9000 08:01 8781921                    /usr/lib/jvm/java-7-openjdk-amd64/jre/lib/resources.jar
7f95fed4e000-7f95fed58000 rw-p 00000000 00:00 0 
7f95fed58000-7f95fee0e000 rw-p 00000000 00:00 0 
7f95fee0e000-7f95fee11000 ---p 00000000 00:00 0 
7f95fee11000-7f95fef14000 rw-p 00000000 00:00 0                          [stack:22617]
7f95fef18000-7f95fef1a000 rw-p 00000000 00:00 0 
7f95fef1a000-7f95fef1c000 r--s 00012000 08:01 9044079                    /usr/lib/jvm/java-7-openjdk-amd64/jre/lib/ext/zipfs.jar
7f95fef1c000-7f95fef20000 r--s 00085000 08:01 9044081                    /usr/lib/jvm/java-7-openjdk-amd64/jre/lib/ext/localedata.jar
7f95fef20000-7f95fef23000 r--s 0000f000 08:01 9044078                    /usr/lib/jvm/java-7-openjdk-amd64/jre/lib/ext/icedtea-sound.jar
7f95fef23000-7f95fef25000 r--s 00006000 08:01 9044508                    /usr/share/java/java-atk-wrapper.jar
7f95fef25000-7f95fef26000 r--s 00002000 08:01 9044083                    /usr/lib/jvm/java-7-openjdk-amd64/jre/lib/ext/dnsns.jar
7f95fef26000-7f95fef2a000 r--s 0003c000 08:01 9044080                    /usr/lib/jvm/java-7-openjdk-amd64/jre/lib/ext/sunpkcs11.jar
7f95fef2a000-7f95fef2e000 r--s 00034000 08:01 9044082                    /usr/lib/jvm/java-7-openjdk-amd64/jre/lib/ext/sunjce_provider.jar
7f95fef2e000-7f95fef36000 rw-s 00000000 08:01 1572891                    /tmp/hsperfdata_sudarshan/22611
7f95fef36000-7f95fef37000 rw-p 00000000 00:00 0 
7f95fef37000-7f95fef38000 r--p 00000000 00:00 0 
7f95fef38000-7f95fef3a000 rw-p 00000000 00:00 0 
7f95fef3a000-7f95fef3b000 r--p 00022000 08:01 4980839                    /lib/x86_64-linux-gnu/ld-2.19.so
7f95fef3b000-7f95fef3c000 rw-p 00023000 08:01 4980839                    /lib/x86_64-linux-gnu/ld-2.19.so
7f95fef3c000-7f95fef3d000 rw-p 00000000 00:00 0 
7fff04428000-7fff04449000 rw-p 00000000 00:00 0                          [stack]
7fff045bb000-7fff045bd000 r-xp 00000000 00:00 0                          [vdso]
ffffffffff600000-ffffffffff601000 r-xp 00000000 00:00 0                  [vsyscall]

VM Arguments:
jvm_args: -agentlib:jdwp=transport=dt_socket,suspend=y,address=localhost:39858 -Dfile.encoding=UTF-8 
java_command: com.restaurant.restaurant
Launcher Type: SUN_STANDARD

Environment Variables:
PATH=/usr/local/sbin:/usr/local/bin:/usr/sbin:/usr/bin:/sbin:/bin:/usr/games:/usr/local/games
SHELL=/bin/bash
DISPLAY=:0

Signal Handlers:
SIGSEGV: [libjvm.so+0x9495e0], sa_mask[0]=0x7ffbfeff, sa_flags=0x10000004
SIGBUS: [libjvm.so+0x9495e0], sa_mask[0]=0x7ffbfeff, sa_flags=0x10000004
SIGFPE: [libjvm.so+0x7c3410], sa_mask[0]=0x7ffbfeff, sa_flags=0x10000004
SIGPIPE: [libjvm.so+0x7c3410], sa_mask[0]=0x7ffbfeff, sa_flags=0x10000004
SIGXFSZ: [libjvm.so+0x7c3410], sa_mask[0]=0x7ffbfeff, sa_flags=0x10000004
SIGILL: [libjvm.so+0x7c3410], sa_mask[0]=0x7ffbfeff, sa_flags=0x10000004
SIGUSR1: SIG_DFL, sa_mask[0]=0x00000000, sa_flags=0x00000000
SIGUSR2: [libjvm.so+0x7c32b0], sa_mask[0]=0x00000004, sa_flags=0x10000004
SIGHUP: [libjvm.so+0x7c3490], sa_mask[0]=0x7ffbfeff, sa_flags=0x10000004
SIGINT: [libjvm.so+0x7c3490], sa_mask[0]=0x7ffbfeff, sa_flags=0x10000004
SIGTERM: [libjvm.so+0x7c3490], sa_mask[0]=0x7ffbfeff, sa_flags=0x10000004
SIGQUIT: [libjvm.so+0x7c3490], sa_mask[0]=0x7ffbfeff, sa_flags=0x10000004
SIGTRAP: SIG_DFL, sa_mask[0]=0x00000000, sa_flags=0x00000000


---------------  S Y S T E M  ---------------

OS:Ubuntu 14.04 (trusty)
uname:Linux 3.13.0-37-generic #64-Ubuntu SMP Mon Sep 22 21:28:38 UTC 2014 x86_64
libc:glibc 2.19 NPTL 2.19 
rlimit: STACK 8192k, CORE 0k, NPROC 127848, NOFILE 4096, AS infinity
load average:0.35 0.39 0.80

/proc/meminfo:
MemTotal:       16386936 kB
MemFree:         6454108 kB
Buffers:          917472 kB
Cached:          4045516 kB
SwapCached:            0 kB
Active:          7071984 kB
Inactive:        2140316 kB
Active(anon):    4251120 kB
Inactive(anon):   230904 kB
Active(file):    2820864 kB
Inactive(file):  1909412 kB
Unevictable:          60 kB
Mlocked:              60 kB
SwapTotal:       8386556 kB
SwapFree:        8386556 kB
Dirty:               360 kB
Writeback:            16 kB
AnonPages:       4249440 kB
Mapped:           650996 kB
Shmem:            232720 kB
Slab:             418880 kB
SReclaimable:     366260 kB
SUnreclaim:        52620 kB
KernelStack:        7744 kB
PageTables:        54452 kB
NFS_Unstable:          0 kB
Bounce:                0 kB
WritebackTmp:          0 kB
CommitLimit:    16580024 kB
Committed_AS:   11978996 kB
VmallocTotal:   34359738367 kB
VmallocUsed:      140420 kB
VmallocChunk:   34359593980 kB
HardwareCorrupted:     0 kB
AnonHugePages:   1771520 kB
HugePages_Total:       0
HugePages_Free:        0
HugePages_Rsvd:        0
HugePages_Surp:        0
Hugepagesize:       2048 kB
DirectMap4k:      444564 kB
DirectMap2M:    13139968 kB
DirectMap1G:     3145728 kB


CPU:total 8 (4 cores per cpu, 2 threads per core) family 6 model 60 stepping 3, cmov, cx8, fxsr, mmx, sse, sse2, sse3, ssse3, sse4.1, sse4.2, popcnt, avx, avx2, aes, erms, ht, tsc, tscinvbit

/proc/cpuinfo:
processor	: 0
vendor_id	: GenuineIntel
cpu family	: 6
model		: 60
model name	: Intel(R) Core(TM) i7-4770K CPU @ 3.50GHz
stepping	: 3
microcode	: 0x9
cpu MHz		: 800.000
cache size	: 8192 KB
physical id	: 0
siblings	: 8
core id		: 0
cpu cores	: 4
apicid		: 0
initial apicid	: 0
fpu		: yes
fpu_exception	: yes
cpuid level	: 13
wp		: yes
flags		: fpu vme de pse tsc msr pae mce cx8 apic sep mtrr pge mca cmov pat pse36 clflush dts acpi mmx fxsr sse sse2 ss ht tm pbe syscall nx pdpe1gb rdtscp lm constant_tsc arch_perfmon pebs bts rep_good nopl xtopology nonstop_tsc aperfmperf eagerfpu pni pclmulqdq dtes64 monitor ds_cpl vmx est tm2 ssse3 fma cx16 xtpr pdcm pcid sse4_1 sse4_2 movbe popcnt tsc_deadline_timer aes xsave avx f16c rdrand lahf_lm abm ida arat xsaveopt pln pts dtherm tpr_shadow vnmi flexpriority ept vpid fsgsbase tsc_adjust bmi1 avx2 smep bmi2 erms invpcid
bogomips	: 6983.82
clflush size	: 64
cache_alignment	: 64
address sizes	: 39 bits physical, 48 bits virtual
power management:

processor	: 1
vendor_id	: GenuineIntel
cpu family	: 6
model		: 60
model name	: Intel(R) Core(TM) i7-4770K CPU @ 3.50GHz
stepping	: 3
microcode	: 0x9
cpu MHz		: 3501.000
cache size	: 8192 KB
physical id	: 0
siblings	: 8
core id		: 1
cpu cores	: 4
apicid		: 2
initial apicid	: 2
fpu		: yes
fpu_exception	: yes
cpuid level	: 13
wp		: yes
flags		: fpu vme de pse tsc msr pae mce cx8 apic sep mtrr pge mca cmov pat pse36 clflush dts acpi mmx fxsr sse sse2 ss ht tm pbe syscall nx pdpe1gb rdtscp lm constant_tsc arch_perfmon pebs bts rep_good nopl xtopology nonstop_tsc aperfmperf eagerfpu pni pclmulqdq dtes64 monitor ds_cpl vmx est tm2 ssse3 fma cx16 xtpr pdcm pcid sse4_1 sse4_2 movbe popcnt tsc_deadline_timer aes xsave avx f16c rdrand lahf_lm abm ida arat xsaveopt pln pts dtherm tpr_shadow vnmi flexpriority ept vpid fsgsbase tsc_adjust bmi1 avx2 smep bmi2 erms invpcid
bogomips	: 6983.82
clflush size	: 64
cache_alignment	: 64
address sizes	: 39 bits physical, 48 bits virtual
power management:

processor	: 2
vendor_id	: GenuineIntel
cpu family	: 6
model		: 60
model name	: Intel(R) Core(TM) i7-4770K CPU @ 3.50GHz
stepping	: 3
microcode	: 0x9
cpu MHz		: 1000.000
cache size	: 8192 KB
physical id	: 0
siblings	: 8
core id		: 2
cpu cores	: 4
apicid		: 4
initial apicid	: 4
fpu		: yes
fpu_exception	: yes
cpuid level	: 13
wp		: yes
flags		: fpu vme de pse tsc msr pae mce cx8 apic sep mtrr pge mca cmov pat pse36 clflush dts acpi mmx fxsr sse sse2 ss ht tm pbe syscall nx pdpe1gb rdtscp lm constant_tsc arch_perfmon pebs bts rep_good nopl xtopology nonstop_tsc aperfmperf eagerfpu pni pclmulqdq dtes64 monitor ds_cpl vmx est tm2 ssse3 fma cx16 xtpr pdcm pcid sse4_1 sse4_2 movbe popcnt tsc_deadline_timer aes xsave avx f16c rdrand lahf_lm abm ida arat xsaveopt pln pts dtherm tpr_shadow vnmi flexpriority ept vpid fsgsbase tsc_adjust bmi1 avx2 smep bmi2 erms invpcid
bogomips	: 6983.82
clflush size	: 64
cache_alignment	: 64
address sizes	: 39 bits physical, 48 bits virtual
power management:

processor	: 3
vendor_id	: GenuineIntel
cpu family	: 6
model		: 60
model name	: Intel(R) Core(TM) i7-4770K CPU @ 3.50GHz
stepping	: 3
microcode	: 0x9
cpu MHz		: 800.000
cache size	: 8192 KB
physical id	: 0
siblings	: 8
core id		: 3
cpu cores	: 4
apicid		: 6
initial apicid	: 6
fpu		: yes
fpu_exception	: yes
cpuid level	: 13
wp		: yes
flags		: fpu vme de pse tsc msr pae mce cx8 apic sep mtrr pge mca cmov pat pse36 clflush dts acpi mmx fxsr sse sse2 ss ht tm pbe syscall nx pdpe1gb rdtscp lm constant_tsc arch_perfmon pebs bts rep_good nopl xtopology nonstop_tsc aperfmperf eagerfpu pni pclmulqdq dtes64 monitor ds_cpl vmx est tm2 ssse3 fma cx16 xtpr pdcm pcid sse4_1 sse4_2 movbe popcnt tsc_deadline_timer aes xsave avx f16c rdrand lahf_lm abm ida arat xsaveopt pln pts dtherm tpr_shadow vnmi flexpriority ept vpid fsgsbase tsc_adjust bmi1 avx2 smep bmi2 erms invpcid
bogomips	: 6983.82
clflush size	: 64
cache_alignment	: 64
address sizes	: 39 bits physical, 48 bits virtual
power management:

processor	: 4
vendor_id	: GenuineIntel
cpu family	: 6
model		: 60
model name	: Intel(R) Core(TM) i7-4770K CPU @ 3.50GHz
stepping	: 3
microcode	: 0x9
cpu MHz		: 3100.000
cache size	: 8192 KB
physical id	: 0
siblings	: 8
core id		: 0
cpu cores	: 4
apicid		: 1
initial apicid	: 1
fpu		: yes
fpu_exception	: yes
cpuid level	: 13
wp		: yes
flags		: fpu vme de pse tsc msr pae mce cx8 apic sep mtrr pge mca cmov pat pse36 clflush dts acpi mmx fxsr sse sse2 ss ht tm pbe syscall nx pdpe1gb rdtscp lm constant_tsc arch_perfmon pebs bts rep_good nopl xtopology nonstop_tsc aperfmperf eagerfpu pni pclmulqdq dtes64 monitor ds_cpl vmx est tm2 ssse3 fma cx16 xtpr pdcm pcid sse4_1 sse4_2 movbe popcnt tsc_deadline_timer aes xsave avx f16c rdrand lahf_lm abm ida arat xsaveopt pln pts dtherm tpr_shadow vnmi flexpriority ept vpid fsgsbase tsc_adjust bmi1 avx2 smep bmi2 erms invpcid
bogomips	: 6983.82
clflush size	: 64
cache_alignment	: 64
address sizes	: 39 bits physical, 48 bits virtual
power management:

processor	: 5
vendor_id	: GenuineIntel
cpu family	: 6
model		: 60
model name	: Intel(R) Core(TM) i7-4770K CPU @ 3.50GHz
stepping	: 3
microcode	: 0x9
cpu MHz		: 800.000
cache size	: 8192 KB
physical id	: 0
siblings	: 8
core id		: 1
cpu cores	: 4
apicid		: 3
initial apicid	: 3
fpu		: yes
fpu_exception	: yes
cpuid level	: 13
wp		: yes
flags		: fpu vme de pse tsc msr pae mce cx8 apic sep mtrr pge mca cmov pat pse36 clflush dts acpi mmx fxsr sse sse2 ss ht tm pbe syscall nx pdpe1gb rdtscp lm constant_tsc arch_perfmon pebs bts rep_good nopl xtopology nonstop_tsc aperfmperf eagerfpu pni pclmulqdq dtes64 monitor ds_cpl vmx est tm2 ssse3 fma cx16 xtpr pdcm pcid sse4_1 sse4_2 movbe popcnt tsc_deadline_timer aes xsave avx f16c rdrand lahf_lm abm ida arat xsaveopt pln pts dtherm tpr_shadow vnmi flexpriority ept vpid fsgsbase tsc_adjust bmi1 avx2 smep bmi2 erms invpcid
bogomips	: 6983.82
clflush size	: 64
cache_alignment	: 64
address sizes	: 39 bits physical, 48 bits virtual
power management:

processor	: 6
vendor_id	: GenuineIntel
cpu family	: 6
model		: 60
model name	: Intel(R) Core(TM) i7-4770K CPU @ 3.50GHz
stepping	: 3
microcode	: 0x9
cpu MHz		: 800.000
cache size	: 8192 KB
physical id	: 0
siblings	: 8
core id		: 2
cpu cores	: 4
apicid		: 5
initial apicid	: 5
fpu		: yes
fpu_exception	: yes
cpuid level	: 13
wp		: yes
flags		: fpu vme de pse tsc msr pae mce cx8 apic sep mtrr pge mca cmov pat pse36 clflush dts acpi mmx fxsr sse sse2 ss ht tm pbe syscall nx pdpe1gb rdtscp lm constant_tsc arch_perfmon pebs bts rep_good nopl xtopology nonstop_tsc aperfmperf eagerfpu pni pclmulqdq dtes64 monitor ds_cpl vmx est tm2 ssse3 fma cx16 xtpr pdcm pcid sse4_1 sse4_2 movbe popcnt tsc_deadline_timer aes xsave avx f16c rdrand lahf_lm abm ida arat xsaveopt pln pts dtherm tpr_shadow vnmi flexpriority ept vpid fsgsbase tsc_adjust bmi1 avx2 smep bmi2 erms invpcid
bogomips	: 6983.82
clflush size	: 64
cache_alignment	: 64
address sizes	: 39 bits physical, 48 bits virtual
power management:

processor	: 7
vendor_id	: GenuineIntel
cpu family	: 6
model		: 60
model name	: Intel(R) Core(TM) i7-4770K CPU @ 3.50GHz
stepping	: 3
microcode	: 0x9
cpu MHz		: 1800.000
cache size	: 8192 KB
physical id	: 0
siblings	: 8
core id		: 3
cpu cores	: 4
apicid		: 7
initial apicid	: 7
fpu		: yes
fpu_exception	: yes
cpuid level	: 13
wp		: yes
flags		: fpu vme de pse tsc msr pae mce cx8 apic sep mtrr pge mca cmov pat pse36 clflush dts acpi mmx fxsr sse sse2 ss ht tm pbe syscall nx pdpe1gb rdtscp lm constant_tsc arch_perfmon pebs bts rep_good nopl xtopology nonstop_tsc aperfmperf eagerfpu pni pclmulqdq dtes64 monitor ds_cpl vmx est tm2 ssse3 fma cx16 xtpr pdcm pcid sse4_1 sse4_2 movbe popcnt tsc_deadline_timer aes xsave avx f16c rdrand lahf_lm abm ida arat xsaveopt pln pts dtherm tpr_shadow vnmi flexpriority ept vpid fsgsbase tsc_adjust bmi1 avx2 smep bmi2 erms invpcid
bogomips	: 6983.82
clflush size	: 64
cache_alignment	: 64
address sizes	: 39 bits physical, 48 bits virtual
power management:



Memory: 4k page, physical 16386936k(6454108k free), swap 8386556k(8386556k free)

vm_info: OpenJDK 64-Bit Server VM (24.65-b04) for linux-amd64 JRE (1.7.0_65-b32), built on Oct 22 2014 04:37:44 by "buildd" with gcc 4.8.2

time: Mon Oct 27 01:50:39 2014
elapsed time: 336 seconds

